Command line:
   ControlUnit_TB_isim_beh.exe
     -simmode  gui
     -simrunnum  0
     -socket  3197

Sun Apr 07 16:47:09 2013


 Elaboration Time: 0.0156 sec

 Current Memory Usage: 506.651 Meg

 Total Signals          : 28
 Total Nets             : 23
 Total Signal Drivers   : 18
 Total Blocks           : 3
 Total Primitive Blocks : 2
 Total Processes        : 18
 Total Traceable Variables  : 8
 Total Scalar Nets and Variables : 383
Total Line Count : 32

 Total Simulation Time: 0.0312 sec

 Current Memory Usage: 506.651 Meg

Sun Apr 07 17:00:12 2013

