Command line:
   ALU_TB_isim_beh.exe
     -simmode  gui
     -simrunnum  0
     -socket  3293

Sun Apr 07 17:20:04 2013


 Elaboration Time: 0.0156 sec

 Current Memory Usage: 506.753 Meg

 Total Signals          : 17
 Total Nets             : 229
 Total Signal Drivers   : 10
 Total Blocks           : 5
 Total Primitive Blocks : 4
 Total Processes        : 6
 Total Traceable Variables  : 10
 Total Scalar Nets and Variables : 607
Total Line Count : 45

 Total Simulation Time: 0.1092 sec

 Current Memory Usage: 506.753 Meg

Sun Apr 07 17:33:47 2013

