Command line:
   Sign_Extend_TB_isim_beh.exe
     -simmode  gui
     -simrunnum  0
     -socket  3375

Sun Apr 07 17:37:04 2013


 Elaboration Time: 0.0156 sec

 Current Memory Usage: 506.749 Meg

 Total Signals          : 4
 Total Nets             : 48
 Total Signal Drivers   : 2
 Total Blocks           : 4
 Total Primitive Blocks : 3
 Total Processes        : 2
 Total Traceable Variables  : 13
 Total Scalar Nets and Variables : 531
Total Line Count : 10

 Total Simulation Time: 0.0468 sec

 Current Memory Usage: 506.749 Meg

Sun Apr 07 18:34:50 2013

