Command line:
   ALU_TB_isim_beh.exe
     -simmode  gui
     -simrunnum  0
     -socket  58351

Mon Apr 01 18:31:29 2013


 Elaboration Time: 0.078001 sec

 Current Memory Usage: 503.362 Meg

 Total Signals          : 17
 Total Nets             : 229
 Total Signal Drivers   : 10
 Total Blocks           : 5
 Total Primitive Blocks : 4
 Total Processes        : 6
 Total Traceable Variables  : 10
 Total Scalar Nets and Variables : 607
Total Line Count : 45

 Total Simulation Time: 0.124801 sec

 Current Memory Usage: 503.362 Meg

Mon Apr 01 18:31:51 2013

