Command line:
   ALUCtrl_TB_isim_beh.exe
     -simmode  gui
     -simrunnum  0
     -socket  3250

Sun Apr 07 17:07:31 2013


 Elaboration Time: 0.0156 sec

 Current Memory Usage: 506.651 Meg

 Total Signals          : 6
 Total Nets             : 11
 Total Signal Drivers   : 5
 Total Blocks           : 3
 Total Primitive Blocks : 2
 Total Processes        : 4
 Total Traceable Variables  : 8
 Total Scalar Nets and Variables : 371
Total Line Count : 24

 Total Simulation Time: 0.0624 sec

 Current Memory Usage: 506.651 Meg

Sun Apr 07 17:19:43 2013

