Running: C:\Xilinx\14.4\ISE_DS\ISE\bin\nt64\unwrapped\fuse.exe -intstyle ise -incremental -lib secureip -o C:/Users/raivis/Desktop/TB2/tb2/Shift_Left_TB_isim_beh.exe -prj C:/Users/raivis/Desktop/TB2/tb2/Shift_Left_TB_beh.prj work.Shift_Left_TB 
ISim P.49d (signature 0x7708f090)
Number of CPUs detected in this system: 2
Turning on mult-threading, number of parallel sub-compilation jobs: 4 
Determining compilation order of HDL files
Parsing VHDL file "C:/Users/raivis/Desktop/TB2/tb2/Shift_Left.vhd" into library work
Parsing VHDL file "C:/Users/raivis/Desktop/TB2/tb2/Shift_Left_TB.vhd" into library work
Starting static elaboration
Completed static elaboration
Compiling package standard
Compiling package std_logic_1164
Compiling package numeric_std
Compiling architecture behavioral of entity Shift_Left [shift_left_default]
Compiling architecture behavior of entity shift_left_tb
Time Resolution for simulation is 1ps.
Waiting for 1 sub-compilation(s) to finish...
Compiled 6 VHDL Units
Built simulation executable C:/Users/raivis/Desktop/TB2/tb2/Shift_Left_TB_isim_beh.exe
Fuse Memory Usage: 41836 KB
Fuse CPU Usage: 1496 ms
